Arguments: 
  /Users/tevinbrown/.nvm/versions/node/v16.4.2/bin/node /Users/tevinbrown/.nvm/versions/node/v16.4.2/bin/yarn add @types/player.js

PATH: 
  /Users/tevinbrown/.amplify/bin:/Users/tevinbrown/.nvm/versions/node/v16.4.2/bin:/Users/tevinbrown/.pyenv/bin:/Users/tevinbrown/.pyenv/shims:/usr/local/bin:/usr/bin:/bin:/usr/sbin:/sbin:/Users/tevinbrown/.amplify/bin:/Users/tevinbrown/.nvm/versions/node/v16.4.2/bin:/Users/tevinbrown/.pyenv/bin:/Users/tevinbrown/.pyenv/shims

Yarn version: 
  1.22.10

Node version: 
  16.4.2

Platform: 
  darwin x64

Trace: 
  Error: https://registry.yarnpkg.com/@types%2fplayer.js: Not found
      at Request.params.callback [as _callback] (/Users/tevinbrown/.nvm/versions/node/v16.4.2/lib/node_modules/yarn/lib/cli.js:66988:18)
      at Request.self.callback (/Users/tevinbrown/.nvm/versions/node/v16.4.2/lib/node_modules/yarn/lib/cli.js:140662:22)
      at Request.emit (node:events:394:28)
      at Request.<anonymous> (/Users/tevinbrown/.nvm/versions/node/v16.4.2/lib/node_modules/yarn/lib/cli.js:141634:10)
      at Request.emit (node:events:394:28)
      at IncomingMessage.<anonymous> (/Users/tevinbrown/.nvm/versions/node/v16.4.2/lib/node_modules/yarn/lib/cli.js:141556:12)
      at Object.onceWrapper (node:events:513:28)
      at IncomingMessage.emit (node:events:406:35)
      at endReadableNT (node:internal/streams/readable:1329:12)
      at processTicksAndRejections (node:internal/process/task_queues:83:21)

npm manifest: 
  {
    "name": "lvn-embed-api",
    "version": "0.1.13",
    "description": "Wrapper to add lvn-embed with control over player and customizations.",
    "main": "lib/index.js",
    "scripts": {
      "test": "echo \"Error: no test specified\" && exit 1"
    },
    "author": "",
    "license": "ISC",
    "dependencies": {
      "player.js": "^0.1.0",
      "typescript": "^4.6.3"
    }
  }

yarn manifest: 
  No manifest

Lockfile: 
  # THIS IS AN AUTOGENERATED FILE. DO NOT EDIT THIS FILE DIRECTLY.
  # yarn lockfile v1
  
  
  player.js@^0.1.0:
    version "0.1.0"
    resolved "https://registry.yarnpkg.com/player.js/-/player.js-0.1.0.tgz#38a2647f022dbbccf2e97e85e1fddccc9ef498e8"
    integrity sha1-OKJkfwItu8zy6X6F4f3czJ70mOg=
  
  typescript@^4.6.3:
    version "4.6.3"
    resolved "https://registry.yarnpkg.com/typescript/-/typescript-4.6.3.tgz#eefeafa6afdd31d725584c67a0eaba80f6fc6c6c"
    integrity sha512-yNIatDa5iaofVozS/uQJEl3JRWLKKGJKh6Yaiv0GLGSuhpFJe7P3SbHZ8/yjAHRQwKRoA6YZqlfjXWmVzoVSMw==
